{"message":"Bookmark with id 123456 not found.","level":"error"}
{"message":"Bookmarks list with id c82eede4-3514-4394-8d9f-14671374aa92 created","level":"info"}
{"message":"Title is required","level":"error"}
{"message":"URL is required","level":"error"}
{"message":"decription is required","level":"error"}
{"message":"Rating is required","level":"error"}
{"message":"Bookmark with id 123456 not found.","level":"error"}
{"message":"Bookmarks list with id 922c99c6-bea8-4684-b216-6e52dfd7dceb created","level":"info"}
{"message":"Title is required","level":"error"}
{"message":"URL is required","level":"error"}
{"message":"decription is required","level":"error"}
{"message":"Rating is required","level":"error"}
{"message":"Bookmark with id 999 not found.","level":"error"}
{"message":"Bookmark with id 123456 not found.","level":"error"}
{"message":"Bookmark with id 123456 not found.","level":"error"}
{"message":"Bookmark with id 123456 not found.","level":"error"}
{"message":"Bookmark with id 123456 not found.","level":"error"}
{"message":"Bookmark with id 123456 not found.","level":"error"}
{"message":"Bookmarks list with id 28dd690b-68c3-4fc8-9c26-5766bcd4e541 created","level":"info"}
{"message":"Title is required","level":"error"}
{"message":"URL is required","level":"error"}
{"message":"decription is required","level":"error"}
{"message":"Rating is required","level":"error"}
{"message":"Bookmark with id 123456 not found.","level":"error"}
{"message":"Bookmarks list with id 0887262c-9e3c-49a3-a646-da219c0beb09 created","level":"info"}
{"message":"Title is required","level":"error"}
{"message":"URL is required","level":"error"}
{"message":"decription is required","level":"error"}
{"message":"Rating is required","level":"error"}
{"message":"Bookmark with id 123456 not found.","level":"error"}
{"message":"Bookmarks list with id 17573b47-fa08-4b8b-8a03-fe2d247b3a27 created","level":"info"}
{"message":"Title is required","level":"error"}
{"message":"URL is required","level":"error"}
{"message":"decription is required","level":"error"}
{"message":"Rating is required","level":"error"}
{"message":"Bookmark with id 999 not found.","level":"error"}
{"message":"Bookmark with id 123456 not found.","level":"error"}
{"message":"Bookmarks list with id 8caf8529-0996-4194-a35f-cc6f28cac0a6 created","level":"info"}
{"message":"Title is required","level":"error"}
{"message":"URL is required","level":"error"}
{"message":"decription is required","level":"error"}
{"message":"Rating is required","level":"error"}
{"message":"Bookmark with id 123456 not found.","level":"error"}
{"message":"Bookmarks list with id 663fe3ce-e2d2-4d45-98ce-61db4e55650e created","level":"info"}
{"message":"Title is required","level":"error"}
{"message":"URL is required","level":"error"}
{"message":"decription is required","level":"error"}
{"message":"Rating is required","level":"error"}
{"message":"Bookmark with id 123456 not found.","level":"error"}
{"message":"Bookmark with id 123456 not found.","level":"error"}
{"message":"Bookmarks list with id 0abb7fe3-b8d3-459e-bd44-e90439f189d9 created","level":"info"}
{"message":"Title is required","level":"error"}
{"message":"URL is required","level":"error"}
{"message":"decription is required","level":"error"}
{"message":"Rating is required","level":"error"}
{"message":"Bookmark with id 123456 not found.","level":"error"}
{"message":"Bookmark with id 123456 not found.","level":"error"}
{"message":"Bookmarks list with id 780ea4ca-0d4f-4b06-ae30-aefc99676829 created","level":"info"}
{"message":"Title is required","level":"error"}
{"message":"URL is required","level":"error"}
{"message":"decription is required","level":"error"}
{"message":"Rating is required","level":"error"}
{"message":"Bookmark with id 123456 not found.","level":"error"}
{"message":"Bookmark with id 123456 not found.","level":"error"}
{"message":"Bookmarks list with id 71f40cc9-ae61-4c79-bce1-4397d07c5c36 created","level":"info"}
{"message":"Title is required","level":"error"}
{"message":"URL is required","level":"error"}
{"message":"decription is required","level":"error"}
{"message":"Rating is required","level":"error"}
{"message":"Bookmark with id 123456 not found.","level":"error"}
{"message":"Bookmark with id 123456 not found.","level":"error"}
{"message":"Bookmarks list with id 13a00e51-efc4-49b5-87e2-d701365c4226 created","level":"info"}
{"message":"Title is required","level":"error"}
{"message":"URL is required","level":"error"}
{"message":"decription is required","level":"error"}
{"message":"Rating is required","level":"error"}
{"message":"Bookmark with id 123456 not found.","level":"error"}
{"message":"Bookmark with id 123456 not found.","level":"error"}
{"message":"Bookmarks list with id 61175412-60fc-4b2d-a5c0-e526bde2ff59 created","level":"info"}
{"message":"Title is required","level":"error"}
{"message":"URL is required","level":"error"}
{"message":"decription is required","level":"error"}
{"message":"Rating is required","level":"error"}
{"message":"Bookmark with id 123456 not found.","level":"error"}
